{"name":"hexo","hostname":"liguanghedeMBP.lan","pid":96856,"level":20,"msg":"Hexo version: \u001b[35m3.2.2\u001b[39m","time":"2017-03-27T12:25:01.212Z","v":0}
{"name":"hexo","hostname":"liguanghedeMBP.lan","pid":96856,"level":20,"msg":"Working directory: \u001b[35m~/13416136446.github.io/\u001b[39m","time":"2017-03-27T12:25:01.213Z","v":0}
{"name":"hexo","hostname":"liguanghedeMBP.lan","pid":96856,"level":20,"msg":"Config loaded: \u001b[35m~/13416136446.github.io/_config.yml\u001b[39m","time":"2017-03-27T12:25:01.330Z","v":0}
{"name":"hexo","hostname":"liguanghedeMBP.lan","pid":96856,"level":20,"msg":"Script loaded: \u001b[35mthemes/next/scripts/merge-configs.js\u001b[39m","time":"2017-03-27T12:25:01.348Z","v":0}
{"name":"hexo","hostname":"liguanghedeMBP.lan","pid":96856,"level":20,"msg":"Script loaded: \u001b[35mthemes/next/scripts/tags/button.js\u001b[39m","time":"2017-03-27T12:25:01.348Z","v":0}
{"name":"hexo","hostname":"liguanghedeMBP.lan","pid":96856,"level":20,"msg":"Script loaded: \u001b[35mthemes/next/scripts/merge.js\u001b[39m","time":"2017-03-27T12:25:01.351Z","v":0}
{"name":"hexo","hostname":"liguanghedeMBP.lan","pid":96856,"level":20,"msg":"Script loaded: \u001b[35mthemes/next/scripts/tags/center-quote.js\u001b[39m","time":"2017-03-27T12:25:01.352Z","v":0}
{"name":"hexo","hostname":"liguanghedeMBP.lan","pid":96856,"level":20,"msg":"Script loaded: \u001b[35mthemes/next/scripts/tags/full-image.js\u001b[39m","time":"2017-03-27T12:25:01.352Z","v":0}
{"name":"hexo","hostname":"liguanghedeMBP.lan","pid":96856,"level":20,"msg":"Script loaded: \u001b[35mthemes/next/scripts/tags/note.js\u001b[39m","time":"2017-03-27T12:25:01.352Z","v":0}
{"name":"hexo","hostname":"liguanghedeMBP.lan","pid":96856,"level":20,"msg":"Script loaded: \u001b[35mthemes/next/scripts/tags/group-pictures.js\u001b[39m","time":"2017-03-27T12:25:01.354Z","v":0}
{"name":"hexo","hostname":"liguanghedeMBP.lan","pid":96856,"level":20,"msg":"Plugin loaded: \u001b[35mhexo-generator-archive\u001b[39m","time":"2017-03-27T12:25:01.358Z","v":0}
{"name":"hexo","hostname":"liguanghedeMBP.lan","pid":96856,"level":20,"msg":"Plugin loaded: \u001b[35mhexo-deployer-git\u001b[39m","time":"2017-03-27T12:25:01.360Z","v":0}
{"name":"hexo","hostname":"liguanghedeMBP.lan","pid":96856,"level":20,"msg":"Script loaded: \u001b[35mthemes/next/scripts/tags/exturl.js\u001b[39m","time":"2017-03-27T12:25:01.361Z","v":0}
{"name":"hexo","hostname":"liguanghedeMBP.lan","pid":96856,"level":20,"msg":"Plugin loaded: \u001b[35mhexo-generator-category\u001b[39m","time":"2017-03-27T12:25:01.363Z","v":0}
{"name":"hexo","hostname":"liguanghedeMBP.lan","pid":96856,"level":20,"msg":"Plugin loaded: \u001b[35mhexo-generator-index\u001b[39m","time":"2017-03-27T12:25:01.366Z","v":0}
{"name":"hexo","hostname":"liguanghedeMBP.lan","pid":96856,"level":20,"msg":"Plugin loaded: \u001b[35mhexo-renderer-ejs\u001b[39m","time":"2017-03-27T12:25:01.370Z","v":0}
{"name":"hexo","hostname":"liguanghedeMBP.lan","pid":96856,"level":20,"msg":"Plugin loaded: \u001b[35mhexo-generator-tag\u001b[39m","time":"2017-03-27T12:25:01.372Z","v":0}
{"name":"hexo","hostname":"liguanghedeMBP.lan","pid":96856,"level":20,"msg":"Plugin loaded: \u001b[35mhexo-renderer-marked\u001b[39m","time":"2017-03-27T12:25:01.378Z","v":0}
{"name":"hexo","hostname":"liguanghedeMBP.lan","pid":96856,"level":20,"msg":"Plugin loaded: \u001b[35mhexo-renderer-stylus\u001b[39m","time":"2017-03-27T12:25:01.381Z","v":0}
{"name":"hexo","hostname":"liguanghedeMBP.lan","pid":96856,"level":20,"msg":"Plugin loaded: \u001b[35mhexo-server\u001b[39m","time":"2017-03-27T12:25:01.469Z","v":0}
{"name":"hexo","hostname":"liguanghedeMBP.lan","pid":96856,"level":20,"msg":"Loading database.","time":"2017-03-27T12:25:01.477Z","v":0}
{"name":"hexo","hostname":"liguanghedeMBP.lan","pid":96856,"level":30,"msg":"Start processing","time":"2017-03-27T12:25:01.484Z","v":0}
{"name":"hexo","hostname":"liguanghedeMBP.lan","pid":96856,"level":20,"msg":"Theme config loaded.","time":"2017-03-27T12:25:01.630Z","v":0}
{"name":"hexo","hostname":"liguanghedeMBP.lan","pid":96856,"level":20,"msg":"Processed: \u001b[35m_config.yml\u001b[39m","time":"2017-03-27T12:25:01.630Z","v":0}
{"name":"hexo","hostname":"liguanghedeMBP.lan","pid":96856,"level":20,"msg":"Processed: \u001b[35msource/css/main.styl\u001b[39m","time":"2017-03-27T12:25:01.639Z","v":0}
{"name":"hexo","hostname":"liguanghedeMBP.lan","pid":96856,"level":20,"msg":"Processed: \u001b[35msource/images/avatar.gif\u001b[39m","time":"2017-03-27T12:25:01.640Z","v":0}
{"name":"hexo","hostname":"liguanghedeMBP.lan","pid":96856,"level":20,"msg":"Processed: \u001b[35msource/images/cc-by-nc-nd.svg\u001b[39m","time":"2017-03-27T12:25:01.641Z","v":0}
{"name":"hexo","hostname":"liguanghedeMBP.lan","pid":96856,"level":20,"msg":"Processed: \u001b[35msource/images/algolia_logo.svg\u001b[39m","time":"2017-03-27T12:25:01.641Z","v":0}
{"name":"hexo","hostname":"liguanghedeMBP.lan","pid":96856,"level":20,"msg":"Processed: \u001b[35msource/images/cc-by-nc-sa.svg\u001b[39m","time":"2017-03-27T12:25:01.642Z","v":0}
{"name":"hexo","hostname":"liguanghedeMBP.lan","pid":96856,"level":20,"msg":"Processed: \u001b[35msource/images/cc-by-nd.svg\u001b[39m","time":"2017-03-27T12:25:01.643Z","v":0}
{"name":"hexo","hostname":"liguanghedeMBP.lan","pid":96856,"level":20,"msg":"Processed: \u001b[35msource/images/cc-by-nc.svg\u001b[39m","time":"2017-03-27T12:25:01.643Z","v":0}
{"name":"hexo","hostname":"liguanghedeMBP.lan","pid":96856,"level":20,"msg":"Processed: \u001b[35msource/images/cc-by-sa.svg\u001b[39m","time":"2017-03-27T12:25:01.643Z","v":0}
{"name":"hexo","hostname":"liguanghedeMBP.lan","pid":96856,"level":20,"msg":"Processed: \u001b[35msource/images/cc-by.svg\u001b[39m","time":"2017-03-27T12:25:01.646Z","v":0}
{"name":"hexo","hostname":"liguanghedeMBP.lan","pid":96856,"level":20,"msg":"Processed: \u001b[35msource/images/loading.gif\u001b[39m","time":"2017-03-27T12:25:01.646Z","v":0}
{"name":"hexo","hostname":"liguanghedeMBP.lan","pid":96856,"level":20,"msg":"Processed: \u001b[35msource/images/placeholder.gif\u001b[39m","time":"2017-03-27T12:25:01.647Z","v":0}
{"name":"hexo","hostname":"liguanghedeMBP.lan","pid":96856,"level":20,"msg":"Processed: \u001b[35msource/images/quote-r.svg\u001b[39m","time":"2017-03-27T12:25:01.648Z","v":0}
{"name":"hexo","hostname":"liguanghedeMBP.lan","pid":96856,"level":20,"msg":"Processed: \u001b[35msource/images/searchicon.png\u001b[39m","time":"2017-03-27T12:25:01.649Z","v":0}
{"name":"hexo","hostname":"liguanghedeMBP.lan","pid":96856,"level":20,"msg":"Processed: \u001b[35msource/images/quote-l.svg\u001b[39m","time":"2017-03-27T12:25:01.649Z","v":0}
{"name":"hexo","hostname":"liguanghedeMBP.lan","pid":96856,"level":20,"msg":"Processed: \u001b[35msource/images/cc-zero.svg\u001b[39m","time":"2017-03-27T12:25:01.649Z","v":0}
{"name":"hexo","hostname":"liguanghedeMBP.lan","pid":96856,"level":20,"msg":"Processed: \u001b[35m_posts/hello-world.md\u001b[39m","time":"2017-03-27T12:25:01.680Z","v":0}
{"name":"hexo","hostname":"liguanghedeMBP.lan","pid":96856,"level":20,"msg":"Processed: \u001b[35m_posts/first-post.md\u001b[39m","time":"2017-03-27T12:25:01.681Z","v":0}
{"name":"hexo","hostname":"liguanghedeMBP.lan","pid":96856,"level":20,"msg":"Processed: \u001b[35mlayout/_layout.swig\u001b[39m","time":"2017-03-27T12:25:01.931Z","v":0}
{"name":"hexo","hostname":"liguanghedeMBP.lan","pid":96856,"level":20,"msg":"Processed: \u001b[35mlayout/archive.swig\u001b[39m","time":"2017-03-27T12:25:01.931Z","v":0}
{"name":"hexo","hostname":"liguanghedeMBP.lan","pid":96856,"level":20,"msg":"Processed: \u001b[35mlayout/post.swig\u001b[39m","time":"2017-03-27T12:25:01.931Z","v":0}
{"name":"hexo","hostname":"liguanghedeMBP.lan","pid":96856,"level":20,"msg":"Processed: \u001b[35mlayout/category.swig\u001b[39m","time":"2017-03-27T12:25:01.931Z","v":0}
{"name":"hexo","hostname":"liguanghedeMBP.lan","pid":96856,"level":20,"msg":"Processed: \u001b[35mlayout/index.swig\u001b[39m","time":"2017-03-27T12:25:01.932Z","v":0}
{"name":"hexo","hostname":"liguanghedeMBP.lan","pid":96856,"level":20,"msg":"Processed: \u001b[35mlayout/page.swig\u001b[39m","time":"2017-03-27T12:25:01.932Z","v":0}
{"name":"hexo","hostname":"liguanghedeMBP.lan","pid":96856,"level":20,"msg":"Processed: \u001b[35mlayout/schedule.swig\u001b[39m","time":"2017-03-27T12:25:01.932Z","v":0}
{"name":"hexo","hostname":"liguanghedeMBP.lan","pid":96856,"level":20,"msg":"Processed: \u001b[35mlayout/tag.swig\u001b[39m","time":"2017-03-27T12:25:01.932Z","v":0}
{"name":"hexo","hostname":"liguanghedeMBP.lan","pid":96856,"level":20,"msg":"Processed: \u001b[35mlanguages/en.yml\u001b[39m","time":"2017-03-27T12:25:01.946Z","v":0}
{"name":"hexo","hostname":"liguanghedeMBP.lan","pid":96856,"level":20,"msg":"Processed: \u001b[35mlanguages/default.yml\u001b[39m","time":"2017-03-27T12:25:01.946Z","v":0}
{"name":"hexo","hostname":"liguanghedeMBP.lan","pid":96856,"level":20,"msg":"Processed: \u001b[35mlanguages/fr-FR.yml\u001b[39m","time":"2017-03-27T12:25:01.946Z","v":0}
{"name":"hexo","hostname":"liguanghedeMBP.lan","pid":96856,"level":20,"msg":"Processed: \u001b[35mlanguages/de.yml\u001b[39m","time":"2017-03-27T12:25:01.947Z","v":0}
{"name":"hexo","hostname":"liguanghedeMBP.lan","pid":96856,"level":20,"msg":"Processed: \u001b[35mlanguages/id.yml\u001b[39m","time":"2017-03-27T12:25:01.947Z","v":0}
{"name":"hexo","hostname":"liguanghedeMBP.lan","pid":96856,"level":20,"msg":"Processed: \u001b[35mlanguages/ja.yml\u001b[39m","time":"2017-03-27T12:25:01.947Z","v":0}
{"name":"hexo","hostname":"liguanghedeMBP.lan","pid":96856,"level":20,"msg":"Processed: \u001b[35mlanguages/ko.yml\u001b[39m","time":"2017-03-27T12:25:01.947Z","v":0}
{"name":"hexo","hostname":"liguanghedeMBP.lan","pid":96856,"level":20,"msg":"Processed: \u001b[35mlanguages/pt.yml\u001b[39m","time":"2017-03-27T12:25:01.947Z","v":0}
{"name":"hexo","hostname":"liguanghedeMBP.lan","pid":96856,"level":20,"msg":"Processed: \u001b[35mlanguages/pt-BR.yml\u001b[39m","time":"2017-03-27T12:25:01.947Z","v":0}
{"name":"hexo","hostname":"liguanghedeMBP.lan","pid":96856,"level":20,"msg":"Processed: \u001b[35mlanguages/zh-Hans.yml\u001b[39m","time":"2017-03-27T12:25:01.947Z","v":0}
{"name":"hexo","hostname":"liguanghedeMBP.lan","pid":96856,"level":20,"msg":"Processed: \u001b[35mlanguages/ru.yml\u001b[39m","time":"2017-03-27T12:25:01.947Z","v":0}
{"name":"hexo","hostname":"liguanghedeMBP.lan","pid":96856,"level":20,"msg":"Processed: \u001b[35mlanguages/zh-hk.yml\u001b[39m","time":"2017-03-27T12:25:01.947Z","v":0}
{"name":"hexo","hostname":"liguanghedeMBP.lan","pid":96856,"level":20,"msg":"Processed: \u001b[35mlanguages/zh-tw.yml\u001b[39m","time":"2017-03-27T12:25:01.947Z","v":0}
{"name":"hexo","hostname":"liguanghedeMBP.lan","pid":96856,"level":20,"msg":"Processed: \u001b[35msource/lib/font-awesome/HELP-US-OUT.txt\u001b[39m","time":"2017-03-27T12:25:01.954Z","v":0}
{"name":"hexo","hostname":"liguanghedeMBP.lan","pid":96856,"level":20,"msg":"Processed: \u001b[35msource/lib/font-awesome/bower.json\u001b[39m","time":"2017-03-27T12:25:01.955Z","v":0}
{"name":"hexo","hostname":"liguanghedeMBP.lan","pid":96856,"level":20,"msg":"Processed: \u001b[35msource/lib/algolia-instant-search/instantsearch.min.css\u001b[39m","time":"2017-03-27T12:25:01.956Z","v":0}
{"name":"hexo","hostname":"liguanghedeMBP.lan","pid":96856,"level":20,"msg":"Processed: \u001b[35msource/lib/canvas-nest/canvas-nest.min.js\u001b[39m","time":"2017-03-27T12:25:01.957Z","v":0}
{"name":"hexo","hostname":"liguanghedeMBP.lan","pid":96856,"level":20,"msg":"Processed: \u001b[35msource/lib/fastclick/LICENSE\u001b[39m","time":"2017-03-27T12:25:01.958Z","v":0}
{"name":"hexo","hostname":"liguanghedeMBP.lan","pid":96856,"level":20,"msg":"Processed: \u001b[35msource/lib/fastclick/README.md\u001b[39m","time":"2017-03-27T12:25:01.958Z","v":0}
{"name":"hexo","hostname":"liguanghedeMBP.lan","pid":96856,"level":20,"msg":"Processed: \u001b[35msource/lib/fastclick/bower.json\u001b[39m","time":"2017-03-27T12:25:01.959Z","v":0}
{"name":"hexo","hostname":"liguanghedeMBP.lan","pid":96856,"level":20,"msg":"Processed: \u001b[35msource/lib/jquery_lazyload/README.md\u001b[39m","time":"2017-03-27T12:25:01.960Z","v":0}
{"name":"hexo","hostname":"liguanghedeMBP.lan","pid":96856,"level":20,"msg":"Processed: \u001b[35msource/lib/jquery_lazyload/CONTRIBUTING.md\u001b[39m","time":"2017-03-27T12:25:01.961Z","v":0}
{"name":"hexo","hostname":"liguanghedeMBP.lan","pid":96856,"level":20,"msg":"Processed: \u001b[35msource/lib/jquery_lazyload/bower.json\u001b[39m","time":"2017-03-27T12:25:01.961Z","v":0}
{"name":"hexo","hostname":"liguanghedeMBP.lan","pid":96856,"level":20,"msg":"Processed: \u001b[35msource/lib/jquery_lazyload/jquery.lazyload.js\u001b[39m","time":"2017-03-27T12:25:01.962Z","v":0}
{"name":"hexo","hostname":"liguanghedeMBP.lan","pid":96856,"level":20,"msg":"Processed: \u001b[35msource/lib/jquery_lazyload/jquery.scrollstop.js\u001b[39m","time":"2017-03-27T12:25:01.962Z","v":0}
{"name":"hexo","hostname":"liguanghedeMBP.lan","pid":96856,"level":20,"msg":"Processed: \u001b[35msource/js/src/bootstrap.js\u001b[39m","time":"2017-03-27T12:25:01.962Z","v":0}
{"name":"hexo","hostname":"liguanghedeMBP.lan","pid":96856,"level":20,"msg":"Processed: \u001b[35msource/js/src/affix.js\u001b[39m","time":"2017-03-27T12:25:01.962Z","v":0}
{"name":"hexo","hostname":"liguanghedeMBP.lan","pid":96856,"level":20,"msg":"Processed: \u001b[35msource/lib/three/three-waves.min.js\u001b[39m","time":"2017-03-27T12:25:01.963Z","v":0}
{"name":"hexo","hostname":"liguanghedeMBP.lan","pid":96856,"level":20,"msg":"Processed: \u001b[35msource/js/src/exturl.js\u001b[39m","time":"2017-03-27T12:25:01.963Z","v":0}
{"name":"hexo","hostname":"liguanghedeMBP.lan","pid":96856,"level":20,"msg":"Processed: \u001b[35msource/js/src/algolia-search.js\u001b[39m","time":"2017-03-27T12:25:01.963Z","v":0}
{"name":"hexo","hostname":"liguanghedeMBP.lan","pid":96856,"level":20,"msg":"Processed: \u001b[35msource/js/src/hook-duoshuo.js\u001b[39m","time":"2017-03-27T12:25:01.963Z","v":0}
{"name":"hexo","hostname":"liguanghedeMBP.lan","pid":96856,"level":20,"msg":"Processed: \u001b[35msource/js/src/post-details.js\u001b[39m","time":"2017-03-27T12:25:01.964Z","v":0}
{"name":"hexo","hostname":"liguanghedeMBP.lan","pid":96856,"level":20,"msg":"Processed: \u001b[35msource/js/src/motion.js\u001b[39m","time":"2017-03-27T12:25:01.964Z","v":0}
{"name":"hexo","hostname":"liguanghedeMBP.lan","pid":96856,"level":20,"msg":"Processed: \u001b[35msource/js/src/scrollspy.js\u001b[39m","time":"2017-03-27T12:25:01.965Z","v":0}
{"name":"hexo","hostname":"liguanghedeMBP.lan","pid":96856,"level":20,"msg":"Processed: \u001b[35msource/js/src/utils.js\u001b[39m","time":"2017-03-27T12:25:01.965Z","v":0}
{"name":"hexo","hostname":"liguanghedeMBP.lan","pid":96856,"level":20,"msg":"Processed: \u001b[35msource/lib/velocity/bower.json\u001b[39m","time":"2017-03-27T12:25:01.965Z","v":0}
{"name":"hexo","hostname":"liguanghedeMBP.lan","pid":96856,"level":20,"msg":"Processed: \u001b[35msource/lib/velocity/velocity.min.js\u001b[39m","time":"2017-03-27T12:25:01.966Z","v":0}
{"name":"hexo","hostname":"liguanghedeMBP.lan","pid":96856,"level":20,"msg":"Processed: \u001b[35msource/lib/velocity/velocity.ui.js\u001b[39m","time":"2017-03-27T12:25:01.966Z","v":0}
{"name":"hexo","hostname":"liguanghedeMBP.lan","pid":96856,"level":20,"msg":"Processed: \u001b[35msource/lib/velocity/velocity.ui.min.js\u001b[39m","time":"2017-03-27T12:25:01.966Z","v":0}
{"name":"hexo","hostname":"liguanghedeMBP.lan","pid":96856,"level":20,"msg":"Processed: \u001b[35msource/lib/jquery/index.js\u001b[39m","time":"2017-03-27T12:25:01.984Z","v":0}
{"name":"hexo","hostname":"liguanghedeMBP.lan","pid":96856,"level":20,"msg":"Processed: \u001b[35mlayout/_custom/sidebar.swig\u001b[39m","time":"2017-03-27T12:25:02.038Z","v":0}
{"name":"hexo","hostname":"liguanghedeMBP.lan","pid":96856,"level":20,"msg":"Processed: \u001b[35mlayout/_macro/post-collapse.swig\u001b[39m","time":"2017-03-27T12:25:02.038Z","v":0}
{"name":"hexo","hostname":"liguanghedeMBP.lan","pid":96856,"level":20,"msg":"Processed: \u001b[35mlayout/_custom/header.swig\u001b[39m","time":"2017-03-27T12:25:02.039Z","v":0}
{"name":"hexo","hostname":"liguanghedeMBP.lan","pid":96856,"level":20,"msg":"Processed: \u001b[35mlayout/_macro/post-copyright.swig\u001b[39m","time":"2017-03-27T12:25:02.039Z","v":0}
{"name":"hexo","hostname":"liguanghedeMBP.lan","pid":96856,"level":20,"msg":"Processed: \u001b[35mlayout/_macro/reward.swig\u001b[39m","time":"2017-03-27T12:25:02.039Z","v":0}
{"name":"hexo","hostname":"liguanghedeMBP.lan","pid":96856,"level":20,"msg":"Processed: \u001b[35mlayout/_macro/post.swig\u001b[39m","time":"2017-03-27T12:25:02.040Z","v":0}
{"name":"hexo","hostname":"liguanghedeMBP.lan","pid":96856,"level":20,"msg":"Processed: \u001b[35mlayout/_scripts/boostrap.swig\u001b[39m","time":"2017-03-27T12:25:02.040Z","v":0}
{"name":"hexo","hostname":"liguanghedeMBP.lan","pid":96856,"level":20,"msg":"Processed: \u001b[35mlayout/_macro/wechat-subscriber.swig\u001b[39m","time":"2017-03-27T12:25:02.040Z","v":0}
{"name":"hexo","hostname":"liguanghedeMBP.lan","pid":96856,"level":20,"msg":"Processed: \u001b[35mlayout/_macro/sidebar.swig\u001b[39m","time":"2017-03-27T12:25:02.040Z","v":0}
{"name":"hexo","hostname":"liguanghedeMBP.lan","pid":96856,"level":20,"msg":"Processed: \u001b[35mlayout/_scripts/commons.swig\u001b[39m","time":"2017-03-27T12:25:02.040Z","v":0}
{"name":"hexo","hostname":"liguanghedeMBP.lan","pid":96856,"level":20,"msg":"Processed: \u001b[35mlayout/_scripts/vendors.swig\u001b[39m","time":"2017-03-27T12:25:02.040Z","v":0}
{"name":"hexo","hostname":"liguanghedeMBP.lan","pid":96856,"level":20,"msg":"Processed: \u001b[35mlayout/_third-party/duoshuo-hot-articles.swig\u001b[39m","time":"2017-03-27T12:25:02.040Z","v":0}
{"name":"hexo","hostname":"liguanghedeMBP.lan","pid":96856,"level":20,"msg":"Processed: \u001b[35mlayout/_third-party/exturl.swig\u001b[39m","time":"2017-03-27T12:25:02.040Z","v":0}
{"name":"hexo","hostname":"liguanghedeMBP.lan","pid":96856,"level":20,"msg":"Processed: \u001b[35mlayout/_third-party/mathjax.swig\u001b[39m","time":"2017-03-27T12:25:02.040Z","v":0}
{"name":"hexo","hostname":"liguanghedeMBP.lan","pid":96856,"level":20,"msg":"Processed: \u001b[35mlayout/_third-party/schedule.swig\u001b[39m","time":"2017-03-27T12:25:02.040Z","v":0}
{"name":"hexo","hostname":"liguanghedeMBP.lan","pid":96856,"level":20,"msg":"Processed: \u001b[35mlayout/_partials/footer.swig\u001b[39m","time":"2017-03-27T12:25:02.040Z","v":0}
{"name":"hexo","hostname":"liguanghedeMBP.lan","pid":96856,"level":20,"msg":"Processed: \u001b[35mlayout/_partials/comments.swig\u001b[39m","time":"2017-03-27T12:25:02.040Z","v":0}
{"name":"hexo","hostname":"liguanghedeMBP.lan","pid":96856,"level":20,"msg":"Processed: \u001b[35mlayout/_partials/head.swig\u001b[39m","time":"2017-03-27T12:25:02.040Z","v":0}
{"name":"hexo","hostname":"liguanghedeMBP.lan","pid":96856,"level":20,"msg":"Processed: \u001b[35mlayout/_partials/header.swig\u001b[39m","time":"2017-03-27T12:25:02.040Z","v":0}
{"name":"hexo","hostname":"liguanghedeMBP.lan","pid":96856,"level":20,"msg":"Processed: \u001b[35mlayout/_partials/page-header.swig\u001b[39m","time":"2017-03-27T12:25:02.040Z","v":0}
{"name":"hexo","hostname":"liguanghedeMBP.lan","pid":96856,"level":20,"msg":"Processed: \u001b[35mlayout/_partials/pagination.swig\u001b[39m","time":"2017-03-27T12:25:02.040Z","v":0}
{"name":"hexo","hostname":"liguanghedeMBP.lan","pid":96856,"level":20,"msg":"Processed: \u001b[35mlayout/_partials/search.swig\u001b[39m","time":"2017-03-27T12:25:02.040Z","v":0}
{"name":"hexo","hostname":"liguanghedeMBP.lan","pid":96856,"level":20,"msg":"Processed: \u001b[35msource/lib/fancybox/source/blank.gif\u001b[39m","time":"2017-03-27T12:25:02.044Z","v":0}
{"name":"hexo","hostname":"liguanghedeMBP.lan","pid":96856,"level":20,"msg":"Processed: \u001b[35msource/lib/fancybox/source/fancybox_loading.gif\u001b[39m","time":"2017-03-27T12:25:02.044Z","v":0}
{"name":"hexo","hostname":"liguanghedeMBP.lan","pid":96856,"level":20,"msg":"Processed: \u001b[35msource/lib/fancybox/source/fancybox_loading@2x.gif\u001b[39m","time":"2017-03-27T12:25:02.044Z","v":0}
{"name":"hexo","hostname":"liguanghedeMBP.lan","pid":96856,"level":20,"msg":"Processed: \u001b[35msource/lib/fancybox/source/fancybox_overlay.png\u001b[39m","time":"2017-03-27T12:25:02.045Z","v":0}
{"name":"hexo","hostname":"liguanghedeMBP.lan","pid":96856,"level":20,"msg":"Processed: \u001b[35msource/lib/fancybox/source/fancybox_sprite.png\u001b[39m","time":"2017-03-27T12:25:02.045Z","v":0}
{"name":"hexo","hostname":"liguanghedeMBP.lan","pid":96856,"level":20,"msg":"Processed: \u001b[35msource/lib/fancybox/source/fancybox_sprite@2x.png\u001b[39m","time":"2017-03-27T12:25:02.045Z","v":0}
{"name":"hexo","hostname":"liguanghedeMBP.lan","pid":96856,"level":20,"msg":"Processed: \u001b[35msource/lib/fancybox/source/jquery.fancybox.css\u001b[39m","time":"2017-03-27T12:25:02.046Z","v":0}
{"name":"hexo","hostname":"liguanghedeMBP.lan","pid":96856,"level":20,"msg":"Processed: \u001b[35msource/lib/fancybox/source/jquery.fancybox.js\u001b[39m","time":"2017-03-27T12:25:02.046Z","v":0}
{"name":"hexo","hostname":"liguanghedeMBP.lan","pid":96856,"level":20,"msg":"Processed: \u001b[35msource/lib/fancybox/source/jquery.fancybox.pack.js\u001b[39m","time":"2017-03-27T12:25:02.046Z","v":0}
{"name":"hexo","hostname":"liguanghedeMBP.lan","pid":96856,"level":20,"msg":"Processed: \u001b[35msource/lib/font-awesome/css/font-awesome.css\u001b[39m","time":"2017-03-27T12:25:02.047Z","v":0}
{"name":"hexo","hostname":"liguanghedeMBP.lan","pid":96856,"level":20,"msg":"Processed: \u001b[35msource/lib/font-awesome/css/font-awesome.min.css\u001b[39m","time":"2017-03-27T12:25:02.047Z","v":0}
{"name":"hexo","hostname":"liguanghedeMBP.lan","pid":96856,"level":20,"msg":"Processed: \u001b[35msource/lib/font-awesome/css/font-awesome.css.map\u001b[39m","time":"2017-03-27T12:25:02.047Z","v":0}
{"name":"hexo","hostname":"liguanghedeMBP.lan","pid":96856,"level":20,"msg":"Processed: \u001b[35msource/lib/fastclick/lib/fastclick.min.js\u001b[39m","time":"2017-03-27T12:25:02.049Z","v":0}
{"name":"hexo","hostname":"liguanghedeMBP.lan","pid":96856,"level":20,"msg":"Processed: \u001b[35msource/lib/fastclick/lib/fastclick.js\u001b[39m","time":"2017-03-27T12:25:02.049Z","v":0}
{"name":"hexo","hostname":"liguanghedeMBP.lan","pid":96856,"level":20,"msg":"Processed: \u001b[35msource/lib/ua-parser-js/dist/ua-parser.min.js\u001b[39m","time":"2017-03-27T12:25:02.049Z","v":0}
{"name":"hexo","hostname":"liguanghedeMBP.lan","pid":96856,"level":20,"msg":"Processed: \u001b[35msource/lib/ua-parser-js/dist/ua-parser.pack.js\u001b[39m","time":"2017-03-27T12:25:02.050Z","v":0}
{"name":"hexo","hostname":"liguanghedeMBP.lan","pid":96856,"level":20,"msg":"Processed: \u001b[35msource/js/src/schemes/pisces.js\u001b[39m","time":"2017-03-27T12:25:02.050Z","v":0}
{"name":"hexo","hostname":"liguanghedeMBP.lan","pid":96856,"level":20,"msg":"Processed: \u001b[35mlayout/_scripts/schemes/mist.swig\u001b[39m","time":"2017-03-27T12:25:02.056Z","v":0}
{"name":"hexo","hostname":"liguanghedeMBP.lan","pid":96856,"level":20,"msg":"Processed: \u001b[35mlayout/_scripts/schemes/muse.swig\u001b[39m","time":"2017-03-27T12:25:02.056Z","v":0}
{"name":"hexo","hostname":"liguanghedeMBP.lan","pid":96856,"level":20,"msg":"Processed: \u001b[35msource/lib/font-awesome/fonts/fontawesome-webfont.woff\u001b[39m","time":"2017-03-27T12:25:02.057Z","v":0}
{"name":"hexo","hostname":"liguanghedeMBP.lan","pid":96856,"level":20,"msg":"Processed: \u001b[35msource/lib/font-awesome/fonts/fontawesome-webfont.woff2\u001b[39m","time":"2017-03-27T12:25:02.057Z","v":0}
{"name":"hexo","hostname":"liguanghedeMBP.lan","pid":96856,"level":20,"msg":"Processed: \u001b[35msource/lib/velocity/velocity.js\u001b[39m","time":"2017-03-27T12:25:02.057Z","v":0}
{"name":"hexo","hostname":"liguanghedeMBP.lan","pid":96856,"level":20,"msg":"Processed: \u001b[35mlayout/_scripts/pages/post-details.swig\u001b[39m","time":"2017-03-27T12:25:02.105Z","v":0}
{"name":"hexo","hostname":"liguanghedeMBP.lan","pid":96856,"level":20,"msg":"Processed: \u001b[35mlayout/_scripts/schemes/pisces.swig\u001b[39m","time":"2017-03-27T12:25:02.105Z","v":0}
{"name":"hexo","hostname":"liguanghedeMBP.lan","pid":96856,"level":20,"msg":"Processed: \u001b[35mlayout/_third-party/analytics/application-insights.swig\u001b[39m","time":"2017-03-27T12:25:02.105Z","v":0}
{"name":"hexo","hostname":"liguanghedeMBP.lan","pid":96856,"level":20,"msg":"Processed: \u001b[35mlayout/_third-party/analytics/baidu-analytics.swig\u001b[39m","time":"2017-03-27T12:25:02.105Z","v":0}
{"name":"hexo","hostname":"liguanghedeMBP.lan","pid":96856,"level":20,"msg":"Processed: \u001b[35mlayout/_third-party/analytics/cnzz-analytics.swig\u001b[39m","time":"2017-03-27T12:25:02.105Z","v":0}
{"name":"hexo","hostname":"liguanghedeMBP.lan","pid":96856,"level":20,"msg":"Processed: \u001b[35mlayout/_third-party/analytics/busuanzi-counter.swig\u001b[39m","time":"2017-03-27T12:25:02.105Z","v":0}
{"name":"hexo","hostname":"liguanghedeMBP.lan","pid":96856,"level":20,"msg":"Processed: \u001b[35mlayout/_third-party/analytics/facebook-sdk.swig\u001b[39m","time":"2017-03-27T12:25:02.105Z","v":0}
{"name":"hexo","hostname":"liguanghedeMBP.lan","pid":96856,"level":20,"msg":"Processed: \u001b[35mlayout/_third-party/analytics/google-analytics.swig\u001b[39m","time":"2017-03-27T12:25:02.105Z","v":0}
{"name":"hexo","hostname":"liguanghedeMBP.lan","pid":96856,"level":20,"msg":"Processed: \u001b[35mlayout/_third-party/analytics/index.swig\u001b[39m","time":"2017-03-27T12:25:02.105Z","v":0}
{"name":"hexo","hostname":"liguanghedeMBP.lan","pid":96856,"level":20,"msg":"Processed: \u001b[35mlayout/_third-party/analytics/lean-analytics.swig\u001b[39m","time":"2017-03-27T12:25:02.105Z","v":0}
{"name":"hexo","hostname":"liguanghedeMBP.lan","pid":96856,"level":20,"msg":"Processed: \u001b[35mlayout/_third-party/analytics/tencent-mta.swig\u001b[39m","time":"2017-03-27T12:25:02.105Z","v":0}
{"name":"hexo","hostname":"liguanghedeMBP.lan","pid":96856,"level":20,"msg":"Processed: \u001b[35mlayout/_third-party/analytics/vkontakte-api.swig\u001b[39m","time":"2017-03-27T12:25:02.105Z","v":0}
{"name":"hexo","hostname":"liguanghedeMBP.lan","pid":96856,"level":20,"msg":"Processed: \u001b[35mlayout/_third-party/comments/disqus.swig\u001b[39m","time":"2017-03-27T12:25:02.106Z","v":0}
{"name":"hexo","hostname":"liguanghedeMBP.lan","pid":96856,"level":20,"msg":"Processed: \u001b[35mlayout/_third-party/comments/changyan.swig\u001b[39m","time":"2017-03-27T12:25:02.106Z","v":0}
{"name":"hexo","hostname":"liguanghedeMBP.lan","pid":96856,"level":20,"msg":"Processed: \u001b[35mlayout/_third-party/analytics/tencent-analytics.swig\u001b[39m","time":"2017-03-27T12:25:02.106Z","v":0}
{"name":"hexo","hostname":"liguanghedeMBP.lan","pid":96856,"level":20,"msg":"Processed: \u001b[35mlayout/_third-party/comments/hypercomments.swig\u001b[39m","time":"2017-03-27T12:25:02.106Z","v":0}
{"name":"hexo","hostname":"liguanghedeMBP.lan","pid":96856,"level":20,"msg":"Processed: \u001b[35mlayout/_third-party/comments/gentie.swig\u001b[39m","time":"2017-03-27T12:25:02.106Z","v":0}
{"name":"hexo","hostname":"liguanghedeMBP.lan","pid":96856,"level":20,"msg":"Processed: \u001b[35mlayout/_third-party/comments/duoshuo.swig\u001b[39m","time":"2017-03-27T12:25:02.106Z","v":0}
{"name":"hexo","hostname":"liguanghedeMBP.lan","pid":96856,"level":20,"msg":"Processed: \u001b[35mlayout/_third-party/comments/index.swig\u001b[39m","time":"2017-03-27T12:25:02.106Z","v":0}
{"name":"hexo","hostname":"liguanghedeMBP.lan","pid":96856,"level":20,"msg":"Processed: \u001b[35mlayout/_third-party/comments/livere.swig\u001b[39m","time":"2017-03-27T12:25:02.106Z","v":0}
{"name":"hexo","hostname":"liguanghedeMBP.lan","pid":96856,"level":20,"msg":"Processed: \u001b[35mlayout/_third-party/comments/youyan.swig\u001b[39m","time":"2017-03-27T12:25:02.106Z","v":0}
{"name":"hexo","hostname":"liguanghedeMBP.lan","pid":96856,"level":20,"msg":"Processed: \u001b[35mlayout/_third-party/search/localsearch.swig\u001b[39m","time":"2017-03-27T12:25:02.106Z","v":0}
{"name":"hexo","hostname":"liguanghedeMBP.lan","pid":96856,"level":20,"msg":"Processed: \u001b[35mlayout/_third-party/search/tinysou.swig\u001b[39m","time":"2017-03-27T12:25:02.106Z","v":0}
{"name":"hexo","hostname":"liguanghedeMBP.lan","pid":96856,"level":20,"msg":"Processed: \u001b[35mlayout/_third-party/seo/baidu-push.swig\u001b[39m","time":"2017-03-27T12:25:02.106Z","v":0}
{"name":"hexo","hostname":"liguanghedeMBP.lan","pid":96856,"level":20,"msg":"Processed: \u001b[35mlayout/_third-party/search/index.swig\u001b[39m","time":"2017-03-27T12:25:02.106Z","v":0}
{"name":"hexo","hostname":"liguanghedeMBP.lan","pid":96856,"level":20,"msg":"Processed: \u001b[35mlayout/_partials/head/custom-head.swig\u001b[39m","time":"2017-03-27T12:25:02.106Z","v":0}
{"name":"hexo","hostname":"liguanghedeMBP.lan","pid":96856,"level":20,"msg":"Processed: \u001b[35mlayout/_partials/head/external-fonts.swig\u001b[39m","time":"2017-03-27T12:25:02.106Z","v":0}
{"name":"hexo","hostname":"liguanghedeMBP.lan","pid":96856,"level":20,"msg":"Processed: \u001b[35mlayout/_partials/search/tinysou.swig\u001b[39m","time":"2017-03-27T12:25:02.106Z","v":0}
{"name":"hexo","hostname":"liguanghedeMBP.lan","pid":96856,"level":20,"msg":"Processed: \u001b[35mlayout/_partials/search/localsearch.swig\u001b[39m","time":"2017-03-27T12:25:02.106Z","v":0}
{"name":"hexo","hostname":"liguanghedeMBP.lan","pid":96856,"level":20,"msg":"Processed: \u001b[35mlayout/_partials/search/swiftype.swig\u001b[39m","time":"2017-03-27T12:25:02.106Z","v":0}
{"name":"hexo","hostname":"liguanghedeMBP.lan","pid":96856,"level":20,"msg":"Processed: \u001b[35mlayout/_partials/share/add-this.swig\u001b[39m","time":"2017-03-27T12:25:02.106Z","v":0}
{"name":"hexo","hostname":"liguanghedeMBP.lan","pid":96856,"level":20,"msg":"Processed: \u001b[35mlayout/_partials/share/baidushare.swig\u001b[39m","time":"2017-03-27T12:25:02.106Z","v":0}
{"name":"hexo","hostname":"liguanghedeMBP.lan","pid":96856,"level":20,"msg":"Processed: \u001b[35mlayout/_partials/share/duoshuo_share.swig\u001b[39m","time":"2017-03-27T12:25:02.106Z","v":0}
{"name":"hexo","hostname":"liguanghedeMBP.lan","pid":96856,"level":20,"msg":"Processed: \u001b[35mlayout/_partials/share/jiathis.swig\u001b[39m","time":"2017-03-27T12:25:02.106Z","v":0}
{"name":"hexo","hostname":"liguanghedeMBP.lan","pid":96856,"level":20,"msg":"Processed: \u001b[35msource/lib/fancybox/source/helpers/fancybox_buttons.png\u001b[39m","time":"2017-03-27T12:25:02.110Z","v":0}
{"name":"hexo","hostname":"liguanghedeMBP.lan","pid":96856,"level":20,"msg":"Processed: \u001b[35msource/lib/fancybox/source/helpers/jquery.fancybox-buttons.css\u001b[39m","time":"2017-03-27T12:25:02.111Z","v":0}
{"name":"hexo","hostname":"liguanghedeMBP.lan","pid":96856,"level":20,"msg":"Processed: \u001b[35msource/lib/fancybox/source/helpers/jquery.fancybox-buttons.js\u001b[39m","time":"2017-03-27T12:25:02.111Z","v":0}
{"name":"hexo","hostname":"liguanghedeMBP.lan","pid":96856,"level":20,"msg":"Processed: \u001b[35msource/lib/fancybox/source/helpers/jquery.fancybox-media.js\u001b[39m","time":"2017-03-27T12:25:02.112Z","v":0}
{"name":"hexo","hostname":"liguanghedeMBP.lan","pid":96856,"level":20,"msg":"Processed: \u001b[35msource/lib/fancybox/source/helpers/jquery.fancybox-thumbs.css\u001b[39m","time":"2017-03-27T12:25:02.112Z","v":0}
{"name":"hexo","hostname":"liguanghedeMBP.lan","pid":96856,"level":20,"msg":"Processed: \u001b[35msource/lib/fancybox/source/helpers/jquery.fancybox-thumbs.js\u001b[39m","time":"2017-03-27T12:25:02.112Z","v":0}
{"name":"hexo","hostname":"liguanghedeMBP.lan","pid":96856,"level":20,"msg":"Processed: \u001b[35msource/lib/font-awesome/fonts/FontAwesome.otf\u001b[39m","time":"2017-03-27T12:25:02.113Z","v":0}
{"name":"hexo","hostname":"liguanghedeMBP.lan","pid":96856,"level":20,"msg":"Processed: \u001b[35msource/lib/font-awesome/fonts/fontawesome-webfont.eot\u001b[39m","time":"2017-03-27T12:25:02.113Z","v":0}
{"name":"hexo","hostname":"liguanghedeMBP.lan","pid":96856,"level":20,"msg":"Processed: \u001b[35msource/lib/font-awesome/fonts/fontawesome-webfont.ttf\u001b[39m","time":"2017-03-27T12:25:02.113Z","v":0}
{"name":"hexo","hostname":"liguanghedeMBP.lan","pid":96856,"level":20,"msg":"Processed: \u001b[35mlayout/_third-party/search/algolia-search/assets.swig\u001b[39m","time":"2017-03-27T12:25:02.118Z","v":0}
{"name":"hexo","hostname":"liguanghedeMBP.lan","pid":96856,"level":20,"msg":"Processed: \u001b[35mlayout/_third-party/search/algolia-search/dom.swig\u001b[39m","time":"2017-03-27T12:25:02.118Z","v":0}
{"name":"hexo","hostname":"liguanghedeMBP.lan","pid":96856,"level":20,"msg":"Processed: \u001b[35msource/lib/algolia-instant-search/instantsearch.min.js\u001b[39m","time":"2017-03-27T12:25:02.119Z","v":0}
{"name":"hexo","hostname":"liguanghedeMBP.lan","pid":96856,"level":20,"msg":"Processed: \u001b[35msource/lib/three/three.min.js\u001b[39m","time":"2017-03-27T12:25:02.120Z","v":0}
{"name":"hexo","hostname":"liguanghedeMBP.lan","pid":96856,"level":20,"msg":"Processed: \u001b[35msource/lib/font-awesome/fonts/fontawesome-webfont.svg\u001b[39m","time":"2017-03-27T12:25:02.120Z","v":0}
{"name":"hexo","hostname":"liguanghedeMBP.lan","pid":96856,"level":20,"msg":"Generator: \u001b[35mpage\u001b[39m","time":"2017-03-27T12:25:02.379Z","v":0}
{"name":"hexo","hostname":"liguanghedeMBP.lan","pid":96856,"level":20,"msg":"Generator: \u001b[35mpost\u001b[39m","time":"2017-03-27T12:25:02.380Z","v":0}
{"name":"hexo","hostname":"liguanghedeMBP.lan","pid":96856,"level":20,"msg":"Generator: \u001b[35marchive\u001b[39m","time":"2017-03-27T12:25:02.380Z","v":0}
{"name":"hexo","hostname":"liguanghedeMBP.lan","pid":96856,"level":20,"msg":"Generator: \u001b[35mcategory\u001b[39m","time":"2017-03-27T12:25:02.380Z","v":0}
{"name":"hexo","hostname":"liguanghedeMBP.lan","pid":96856,"level":20,"msg":"Generator: \u001b[35mindex\u001b[39m","time":"2017-03-27T12:25:02.380Z","v":0}
{"name":"hexo","hostname":"liguanghedeMBP.lan","pid":96856,"level":20,"msg":"Generator: \u001b[35mtag\u001b[39m","time":"2017-03-27T12:25:02.380Z","v":0}
{"name":"hexo","hostname":"liguanghedeMBP.lan","pid":96856,"level":20,"msg":"Generator: \u001b[35masset\u001b[39m","time":"2017-03-27T12:25:02.381Z","v":0}
{"name":"hexo","hostname":"liguanghedeMBP.lan","pid":96856,"level":30,"msg":"Hexo is running at \u001b[4mhttp://localhost:4000/\u001b[24m. Press Ctrl+C to stop.","time":"2017-03-27T12:25:02.387Z","v":0}
{"name":"hexo","hostname":"liguanghedeMBP.lan","pid":96856,"level":20,"msg":"Database saved","time":"2017-03-27T12:25:02.401Z","v":0}
{"name":"hexo","hostname":"liguanghedeMBP.lan","pid":96856,"level":20,"msg":"Rendering index: \u001b[35mindex.html\u001b[39m","time":"2017-03-27T12:25:16.604Z","v":0}
{"name":"hexo","hostname":"liguanghedeMBP.lan","pid":96856,"level":20,"msg":"Rendering post: \u001b[35m2017/03/27/first-post/index.html\u001b[39m","time":"2017-03-27T12:25:26.935Z","v":0}
{"name":"hexo","hostname":"liguanghedeMBP.lan","pid":96856,"level":20,"msg":"Rendering post: \u001b[35m2017/03/27/hello-world/index.html\u001b[39m","time":"2017-03-27T12:25:35.058Z","v":0}
{"name":"hexo","hostname":"liguanghedeMBP.lan","pid":96856,"level":30,"msg":"Farewell","time":"2017-03-27T12:30:03.844Z","v":0}
{"name":"hexo","hostname":"liguanghedeMBP.lan","pid":96856,"level":20,"msg":"Database saved","time":"2017-03-27T12:30:03.930Z","v":0}
